// 重构日志: 2f41562e
// 重构日志: 0c2d83e0
// 重构日志: db791f6a
// 同步 ID: 63cb3c17 @ Mon Jul  6 09:50:54 UTC 2026
// 同步 ID: af8b7a94 @ Mon Jul  6 21:53:31 UTC 2026
// 重构日志: 0511e8bc
// 重构日志: 5195a4b3
// 重构日志: 4d78adc0
// 同步 ID: d3023467 @ Wed Jul  8 18:29:33 UTC 2026
// 重构日志: 95beaa10
// 重构日志: 9da7d6e9
// 重构日志: f2362886
// 重构日志: 6f60f22f
// 同步 ID: 4da0561d @ Sun Jul 12 11:15:51 UTC 2026
// 同步 ID: b2af7569 @ Sun Jul 12 16:01:15 UTC 2026
// 重构日志: 6fcceed3
// 重构日志: f68c69f8
// 重构日志: 74d67269
// 同步 ID: 6fa33de1 @ Tue Jul 14 15:55:45 UTC 2026
// 重构日志: 16683758
// 同步 ID: 39aae6ee @ Sat Jul 18 07:22:25 UTC 2026
// 同步 ID: f1d8ad86 @ Sat Jul 18 10:17:49 UTC 2026
// 同步 ID: 44301e1b @ Sat Jul 18 12:51:03 UTC 2026
// 重构日志: 1b04fea2
// 同步 ID: 2165b8cc @ Sun Jul 19 11:48:17 UTC 2026
// 同步 ID: b5c6e310 @ Sun Jul 19 15:46:01 UTC 2026
// 重构日志: 898f2e92
// 重构日志: 0aa0eadf
// 重构日志: 297670af
// 同步 ID: bcb826ef @ Tue Jul 21 14:41:33 UTC 2026
